<?xml version="1.0" encoding="UTF-8"?>
<!-- Generated by org.testng.reporters.JUnitReportReporter -->
<testsuite hostname="DESKTOP-GVPIIJD" failures="1" tests="11" name="SeleniumTopic.Selenium_Suite_parallel" time="319.091" errors="0" timestamp="2025-05-19T15:52:31 IST" skipped="4">
  <testcase classname="SeleniumTopic.Selenium_Suite_parallel" name="Scroll_using_javascript" time="19.522"/>
  <testcase classname="SeleniumTopic.Selenium_Suite_parallel" name="Scroll_using_javascript_bottom_page" time="9.042"/>
  <testcase classname="SeleniumTopic.Selenium_Suite_parallel" name="Scroll_using_javascript_specific_pixels" time="26.168"/>
  <testcase classname="SeleniumTopic.Selenium_Suite_parallel" name="Scroll_using_javascript_specific_pixels" time="182.177">
    <skipped/>
  </testcase> <!-- Scroll_using_javascript_specific_pixels -->
  <testcase classname="SeleniumTopic.Selenium_Suite_parallel" name="DragAndDrop" time="15.681"/>
  <testcase classname="SeleniumTopic.Selenium_Suite_parallel" name="DragAndDrop" time="10.998"/>
  <testcase classname="SeleniumTopic.Selenium_Suite_parallel" name="Verify" time="32.805">
    <skipped/>
  </testcase> <!-- Verify -->
  <testcase classname="SeleniumTopic.Selenium_Suite_parallel" name="Verify" time="2.488">
    <skipped/>
  </testcase> <!-- Verify -->
  <testcase classname="SeleniumTopic.Selenium_Suite_parallel" name="Verify" time="2.072">
    <skipped/>
  </testcase> <!-- Verify -->
  <testcase classname="SeleniumTopic.Selenium_Suite_parallel" name="Verify" time="1.713">
    <failure message="The following asserts failed:
	First failure,
	Second failure" type="java.lang.AssertionError">
      <![CDATA[java.lang.AssertionError: The following asserts failed:
First failure,
Second failure
at org.testng.asserts.SoftAssert.assertAll(SoftAssert.java:46)
at org.testng.asserts.SoftAssert.assertAll(SoftAssert.java:30)
at SeleniumTopic.Selenium_Suite_parallel.Verify(Selenium_Suite_parallel.java:220)
at java.base/jdk.internal.reflect.DirectMethodHandleAccessor.invoke(DirectMethodHandleAccessor.java:104)
at java.base/java.lang.reflect.Method.invoke(Method.java:578)
at org.testng.internal.invokers.MethodInvocationHelper.invokeMethod(MethodInvocationHelper.java:139)
at org.testng.internal.invokers.TestInvoker.invokeMethod(TestInvoker.java:664)
at org.testng.internal.invokers.TestInvoker.retryFailed(TestInvoker.java:248)
at org.testng.internal.invokers.MethodRunner.runInSequence(MethodRunner.java:62)
at org.testng.internal.invokers.TestInvoker$MethodInvocationAgent.invoke(TestInvoker.java:957)
at org.testng.internal.invokers.TestInvoker.invokeTestMethods(TestInvoker.java:200)
at org.testng.internal.invokers.TestMethodWorker.invokeTestMethods(TestMethodWorker.java:148)
at org.testng.internal.invokers.TestMethodWorker.run(TestMethodWorker.java:128)
at java.base/java.util.ArrayList.forEach(ArrayList.java:1511)
at org.testng.TestRunner.privateRun(TestRunner.java:848)
at org.testng.TestRunner.run(TestRunner.java:621)
at org.testng.SuiteRunner.runTest(SuiteRunner.java:443)
at org.testng.SuiteRunner.runSequentially(SuiteRunner.java:437)
at org.testng.SuiteRunner.privateRun(SuiteRunner.java:397)
at org.testng.SuiteRunner.run(SuiteRunner.java:336)
at org.testng.SuiteRunnerWorker.runSuite(SuiteRunnerWorker.java:52)
at org.testng.SuiteRunnerWorker.run(SuiteRunnerWorker.java:95)
at org.testng.TestNG.runSuitesSequentially(TestNG.java:1280)
at org.testng.TestNG.runSuitesLocally(TestNG.java:1200)
at org.testng.TestNG.runSuites(TestNG.java:1114)
at org.testng.TestNG.run(TestNG.java:1082)
at org.apache.maven.surefire.testng.TestNGExecutor.run(TestNGExecutor.java:308)
at org.apache.maven.surefire.testng.TestNGXmlTestSuite.execute(TestNGXmlTestSuite.java:71)
at org.apache.maven.surefire.testng.TestNGProvider.invoke(TestNGProvider.java:113)
at org.apache.maven.surefire.booter.ForkedBooter.runSuitesInProcess(ForkedBooter.java:385)
at org.apache.maven.surefire.booter.ForkedBooter.execute(ForkedBooter.java:162)
at org.apache.maven.surefire.booter.ForkedBooter.run(ForkedBooter.java:507)
at org.apache.maven.surefire.booter.ForkedBooter.main(ForkedBooter.java:495)
]]>
    </failure>
  </testcase> <!-- Verify -->
  <testcase classname="SeleniumTopic.Selenium_Suite_parallel" name="rightClick" time="16.425"/>
</testsuite> <!-- SeleniumTopic.Selenium_Suite_parallel -->
